#
# There is insufficient memory for the Java Runtime Environment to continue.
# Native memory allocation (malloc) failed to allocate 160208 bytes. Error detail: Chunk::new
# Possible reasons:
#   The system is out of physical RAM or swap space
#   This process is running with CompressedOops enabled, and the Java Heap may be blocking the growth of the native heap
# Possible solutions:
#   Reduce memory load on the system
#   Increase physical memory or swap space
#   Check if swap backing store is full
#   Decrease Java heap size (-Xmx/-Xms)
#   Decrease number of Java threads
#   Decrease Java thread stack sizes (-Xss)
#   Set larger code cache with -XX:ReservedCodeCacheSize=
#   JVM is running with Zero Based Compressed Oops mode in which the Java heap is
#     placed in the first 32GB address space. The Java Heap base address is the
#     maximum limit for the native heap growth. Please use -XX:HeapBaseMinAddress
#     to set the Java Heap base and to place the Java Heap above 32GB virtual address.
# This output file may be truncated or incomplete.
#
#  Out of Memory Error (arena.cpp:168), pid=26368, tid=19712
#
# JRE version: OpenJDK Runtime Environment Temurin-21.0.4+7 (21.0.4+7) (build 21.0.4+7-LTS)
# Java VM: OpenJDK 64-Bit Server VM Temurin-21.0.4+7 (21.0.4+7-LTS, mixed mode, tiered, compressed oops, compressed class ptrs, g1 gc, windows-amd64)
# No core dump will be written. Minidumps are not enabled by default on client versions of Windows
#

---------------  S U M M A R Y ------------

Command Line: -Dfile.encoding=UTF-8 -Dstdout.encoding=UTF-8 -Dstderr.encoding=UTF-8 -XX:+ShowCodeDetailsInExceptionMessages com.okjk.smartSaltern.SmartSalternApplication

Host: 12th Gen Intel(R) Core(TM) i7-12700, 20 cores, 31G,  Windows 11 , 64 bit Build 26100 (10.0.26100.1882)
Time: Fri Mar 21 19:50:56 2025  Windows 11 , 64 bit Build 26100 (10.0.26100.1882) elapsed time: 101967.631474 seconds (1d 4h 19m 27s)

---------------  T H R E A D  ---------------

Current thread (0x00000228eae76cf0):  JavaThread "C2 CompilerThread0" daemon [_thread_in_native, id=19712, stack(0x000000fa8fe00000,0x000000fa8ff00000) (1024K)]


Current CompileTask:
C2:101967631 5646 % !   4       org.apache.tomcat.util.net.NioEndpoint$Poller::run @ 0 (260 bytes)

Stack: [0x000000fa8fe00000,0x000000fa8ff00000]
Native frames: (J=compiled Java code, j=interpreted, Vv=VM code, C=native code)
V  [jvm.dll+0x6cbcf9]
V  [jvm.dll+0x8a5551]
V  [jvm.dll+0x8a7a7e]
V  [jvm.dll+0x8a8153]
V  [jvm.dll+0x27eca6]
V  [jvm.dll+0xc4aad]
V  [jvm.dll+0xc4fe3]
V  [jvm.dll+0x13e2af]
V  [jvm.dll+0x65bdc5]
V  [jvm.dll+0x65a2dd]
V  [jvm.dll+0x246f95]
V  [jvm.dll+0x2466ef]
V  [jvm.dll+0x1c6f7e]
V  [jvm.dll+0x255e7a]
V  [jvm.dll+0x25441a]
V  [jvm.dll+0x3eeef6]
V  [jvm.dll+0x84f17b]
V  [jvm.dll+0x6ca3fd]
C  [ucrtbase.dll+0x14ea0]
C  [KERNEL32.DLL+0x2dbe7]
C  [ntdll.dll+0x85a4c]


---------------  P R O C E S S  ---------------

Threads class SMR info:
_java_thread_list=0x00000228f4f016b0, length=28, elements={
0x00000228eae56ab0, 0x00000228eae5b530, 0x00000228eae81800, 0x00000228eae82260,
0x00000228eae844f0, 0x00000228eae85970, 0x00000228eae76cf0, 0x00000228eaea6f20,
0x00000228eb0566c0, 0x00000228eb059310, 0x00000228f47e7ff0, 0x00000228f47e93a0,
0x00000228f47e5f20, 0x00000228f47e6c40, 0x00000228f47e8680, 0x00000228f47e72d0,
0x00000228f47e8d10, 0x00000228f58a5290, 0x00000228f58a8710, 0x00000228f58a6640,
0x00000228f58a8da0, 0x00000228f58a5fb0, 0x00000228f58a6cd0, 0x00000228f58a7360,
0x00000228f58a8080, 0x00000228f58a79f0, 0x00000228f58a5920, 0x00000228f58abb90
}

Java Threads: ( => current thread )
  0x00000228eae56ab0 JavaThread "Reference Handler"          daemon [_thread_blocked, id=20436, stack(0x000000fa8f800000,0x000000fa8f900000) (1024K)]
  0x00000228eae5b530 JavaThread "Finalizer"                  daemon [_thread_blocked, id=21084, stack(0x000000fa8f900000,0x000000fa8fa00000) (1024K)]
  0x00000228eae81800 JavaThread "Signal Dispatcher"          daemon [_thread_blocked, id=18032, stack(0x000000fa8fa00000,0x000000fa8fb00000) (1024K)]
  0x00000228eae82260 JavaThread "Attach Listener"            daemon [_thread_blocked, id=24396, stack(0x000000fa8fb00000,0x000000fa8fc00000) (1024K)]
  0x00000228eae844f0 JavaThread "Service Thread"             daemon [_thread_blocked, id=24476, stack(0x000000fa8fc00000,0x000000fa8fd00000) (1024K)]
  0x00000228eae85970 JavaThread "Monitor Deflation Thread"   daemon [_thread_blocked, id=22336, stack(0x000000fa8fd00000,0x000000fa8fe00000) (1024K)]
=>0x00000228eae76cf0 JavaThread "C2 CompilerThread0"         daemon [_thread_in_native, id=19712, stack(0x000000fa8fe00000,0x000000fa8ff00000) (1024K)]
  0x00000228eaea6f20 JavaThread "C1 CompilerThread0"         daemon [_thread_blocked, id=11820, stack(0x000000fa8ff00000,0x000000fa90000000) (1024K)]
  0x00000228eb0566c0 JavaThread "Notification Thread"        daemon [_thread_blocked, id=3840, stack(0x000000fa90200000,0x000000fa90300000) (1024K)]
  0x00000228eb059310 JavaThread "Common-Cleaner"             daemon [_thread_blocked, id=15644, stack(0x000000fa90300000,0x000000fa90400000) (1024K)]
  0x00000228f47e7ff0 JavaThread "Catalina-utility-1"                [_thread_blocked, id=13332, stack(0x000000fa91b00000,0x000000fa91c00000) (1024K)]
  0x00000228f47e93a0 JavaThread "Catalina-utility-2"                [_thread_blocked, id=8996, stack(0x000000fa91c00000,0x000000fa91d00000) (1024K)]
  0x00000228f47e5f20 JavaThread "container-0"                       [_thread_blocked, id=18252, stack(0x000000fa91d00000,0x000000fa91e00000) (1024K)]
  0x00000228f47e6c40 JavaThread "File Watcher"               daemon [_thread_blocked, id=17304, stack(0x000000fa91e00000,0x000000fa91f00000) (1024K)]
  0x00000228f47e8680 JavaThread "Live Reload Server"         daemon [_thread_in_native, id=3112, stack(0x000000fa92000000,0x000000fa92100000) (1024K)]
  0x00000228f47e72d0 JavaThread "http-nio-8081-exec-1"       daemon [_thread_blocked, id=26620, stack(0x000000fa91f00000,0x000000fa92000000) (1024K)]
  0x00000228f47e8d10 JavaThread "http-nio-8081-exec-2"       daemon [_thread_blocked, id=27444, stack(0x000000fa92100000,0x000000fa92200000) (1024K)]
  0x00000228f58a5290 JavaThread "http-nio-8081-exec-3"       daemon [_thread_blocked, id=7944, stack(0x000000fa92200000,0x000000fa92300000) (1024K)]
  0x00000228f58a8710 JavaThread "http-nio-8081-exec-4"       daemon [_thread_blocked, id=26876, stack(0x000000fa92300000,0x000000fa92400000) (1024K)]
  0x00000228f58a6640 JavaThread "http-nio-8081-exec-5"       daemon [_thread_blocked, id=12764, stack(0x000000fa92400000,0x000000fa92500000) (1024K)]
  0x00000228f58a8da0 JavaThread "http-nio-8081-exec-6"       daemon [_thread_blocked, id=27452, stack(0x000000fa92500000,0x000000fa92600000) (1024K)]
  0x00000228f58a5fb0 JavaThread "http-nio-8081-exec-7"       daemon [_thread_blocked, id=17500, stack(0x000000fa92600000,0x000000fa92700000) (1024K)]
  0x00000228f58a6cd0 JavaThread "http-nio-8081-exec-8"       daemon [_thread_blocked, id=9812, stack(0x000000fa92700000,0x000000fa92800000) (1024K)]
  0x00000228f58a7360 JavaThread "http-nio-8081-exec-9"       daemon [_thread_blocked, id=14188, stack(0x000000fa92800000,0x000000fa92900000) (1024K)]
  0x00000228f58a8080 JavaThread "http-nio-8081-exec-10"      daemon [_thread_blocked, id=11656, stack(0x000000fa92900000,0x000000fa92a00000) (1024K)]
  0x00000228f58a79f0 JavaThread "http-nio-8081-Poller"       daemon [_thread_in_native, id=21060, stack(0x000000fa92a00000,0x000000fa92b00000) (1024K)]
  0x00000228f58a5920 JavaThread "http-nio-8081-Acceptor"     daemon [_thread_in_native, id=22064, stack(0x000000fa92b00000,0x000000fa92c00000) (1024K)]
  0x00000228f58abb90 JavaThread "DestroyJavaVM"                     [_thread_blocked, id=25676, stack(0x000000fa8f000000,0x000000fa8f100000) (1024K)]
Total: 28

Other Threads:
  0x00000228eadc4c30 VMThread "VM Thread"                           [id=20812, stack(0x000000fa8f700000,0x000000fa8f800000) (1024K)]
  0x00000228ead61180 WatcherThread "VM Periodic Task Thread"        [id=26400, stack(0x000000fa8f600000,0x000000fa8f700000) (1024K)]
  0x00000228ca631110 WorkerThread "GC Thread#0"                     [id=25420, stack(0x000000fa8f100000,0x000000fa8f200000) (1024K)]
  0x00000228f43a90a0 WorkerThread "GC Thread#1"                     [id=17604, stack(0x000000fa90900000,0x000000fa90a00000) (1024K)]
  0x00000228f3f58a20 WorkerThread "GC Thread#2"                     [id=26228, stack(0x000000fa90a00000,0x000000fa90b00000) (1024K)]
  0x00000228f3f58dc0 WorkerThread "GC Thread#3"                     [id=6380, stack(0x000000fa90b00000,0x000000fa90c00000) (1024K)]
  0x00000228f3f6f790 WorkerThread "GC Thread#4"                     [id=11604, stack(0x000000fa90c00000,0x000000fa90d00000) (1024K)]
  0x00000228f3f6fb30 WorkerThread "GC Thread#5"                     [id=25968, stack(0x000000fa90d00000,0x000000fa90e00000) (1024K)]
  0x00000228f3bc7210 WorkerThread "GC Thread#6"                     [id=23956, stack(0x000000fa90e00000,0x000000fa90f00000) (1024K)]
  0x00000228f3bc75b0 WorkerThread "GC Thread#7"                     [id=26780, stack(0x000000fa90f00000,0x000000fa91000000) (1024K)]
  0x00000228f3bc7950 WorkerThread "GC Thread#8"                     [id=25784, stack(0x000000fa91000000,0x000000fa91100000) (1024K)]
  0x00000228f43974d0 WorkerThread "GC Thread#9"                     [id=22700, stack(0x000000fa91100000,0x000000fa91200000) (1024K)]
  0x00000228f3adab00 WorkerThread "GC Thread#10"                    [id=26564, stack(0x000000fa91200000,0x000000fa91300000) (1024K)]
  0x00000228f3adb240 WorkerThread "GC Thread#11"                    [id=25940, stack(0x000000fa91300000,0x000000fa91400000) (1024K)]
  0x00000228f3adc460 WorkerThread "GC Thread#12"                    [id=21552, stack(0x000000fa91400000,0x000000fa91500000) (1024K)]
  0x00000228f65c1290 WorkerThread "GC Thread#13"                    [id=12368, stack(0x000000fa91800000,0x000000fa91900000) (1024K)]
  0x00000228f65c3e10 WorkerThread "GC Thread#14"                    [id=15276, stack(0x000000fa91a00000,0x000000fa91b00000) (1024K)]
  0x00000228e7b327b0 ConcurrentGCThread "G1 Main Marker"            [id=26376, stack(0x000000fa8f200000,0x000000fa8f300000) (1024K)]
  0x00000228e7b330c0 WorkerThread "G1 Conc#0"                       [id=24872, stack(0x000000fa8f300000,0x000000fa8f400000) (1024K)]
  0x00000228f3adb5e0 WorkerThread "G1 Conc#1"                       [id=26628, stack(0x000000fa91500000,0x000000fa91600000) (1024K)]
  0x00000228f3adbd20 WorkerThread "G1 Conc#2"                       [id=25904, stack(0x000000fa91600000,0x000000fa91700000) (1024K)]
  0x00000228f3adb980 WorkerThread "G1 Conc#3"                       [id=26888, stack(0x000000fa91700000,0x000000fa91800000) (1024K)]
  0x00000228e7bf41b0 ConcurrentGCThread "G1 Refine#0"               [id=14516, stack(0x000000fa8f400000,0x000000fa8f500000) (1024K)]
  0x00000228e7bf5fd0 ConcurrentGCThread "G1 Service"                [id=2248, stack(0x000000fa8f500000,0x000000fa8f600000) (1024K)]
Total: 24

Threads with active compile tasks:
C2 CompilerThread0  101967657 5646 % !   4       org.apache.tomcat.util.net.NioEndpoint$Poller::run @ 0 (260 bytes)
Total: 1

VM state: not at safepoint (normal execution)

VM Mutex/Monitor currently owned by a thread: None

Heap address: 0x0000000604000000, size: 8128 MB, Compressed Oops mode: Zero based, Oop shift amount: 3

CDS archive(s) not mapped
Compressed class space mapped at: 0x0000000800000000-0x0000000840000000, reserved size: 1073741824
Narrow klass base: 0x0000000800000000, Narrow klass shift: 0, Narrow klass range: 0x40000000

GC Precious Log:
 CardTable entry size: 512
 Card Set container configuration: InlinePtr #cards 4 size 8 Array Of Cards #cards 32 size 80 Howl #buckets 8 coarsen threshold 7372 Howl Bitmap #cards 1024 size 144 coarsen threshold 921 Card regions per heap region 1 cards per card region 8192
 CPUs: 20 total, 20 available
 Memory: 32509M
 Large Page Support: Disabled
 NUMA Support: Disabled
 Compressed Oops: Enabled (Zero based)
 Heap Region Size: 4M
 Heap Min Capacity: 8M
 Heap Initial Capacity: 508M
 Heap Max Capacity: 8128M
 Pre-touch: Disabled
 Parallel Workers: 15
 Concurrent Workers: 4
 Concurrent Refinement Workers: 15
 Periodic GC: Disabled

Heap:
 garbage-first heap   total 49152K, used 27681K [0x0000000604000000, 0x0000000800000000)
  region size 4096K, 4 young (16384K), 1 survivors (4096K)
 Metaspace       used 45480K, committed 46144K, reserved 1114112K
  class space    used 5261K, committed 5568K, reserved 1048576K

Heap Regions: E=young(eden), S=young(survivor), O=old, HS=humongous(starts), HC=humongous(continues), CS=collection set, F=free, TAMS=top-at-mark-start, PB=parsable bottom
|   0|0x0000000604000000, 0x0000000604400000, 0x0000000604400000|100%| O|  |TAMS 0x0000000604000000| PB 0x0000000604000000| Untracked 
|   1|0x0000000604400000, 0x0000000604800000, 0x0000000604800000|100%| O|  |TAMS 0x0000000604400000| PB 0x0000000604400000| Untracked 
|   2|0x0000000604800000, 0x0000000604c00000, 0x0000000604c00000|100%| O|  |TAMS 0x0000000604800000| PB 0x0000000604800000| Untracked 
|   3|0x0000000604c00000, 0x0000000605000000, 0x0000000605000000|100%| O|  |TAMS 0x0000000604c00000| PB 0x0000000604c00000| Untracked 
|   4|0x0000000605000000, 0x00000006053023f8, 0x0000000605400000| 75%| O|  |TAMS 0x0000000605000000| PB 0x0000000605000000| Untracked 
|   5|0x0000000605400000, 0x0000000605400000, 0x0000000605800000|  0%| F|  |TAMS 0x0000000605400000| PB 0x0000000605400000| Untracked 
|   6|0x0000000605800000, 0x00000006058060c0, 0x0000000605c00000|  0%| S|CS|TAMS 0x0000000605800000| PB 0x0000000605800000| Complete 
|   7|0x0000000605c00000, 0x0000000605c00000, 0x0000000606000000|  0%| F|  |TAMS 0x0000000605c00000| PB 0x0000000605c00000| Untracked 
|   8|0x0000000606000000, 0x0000000606000000, 0x0000000606400000|  0%| F|  |TAMS 0x0000000606000000| PB 0x0000000606000000| Untracked 
|   9|0x0000000606400000, 0x00000006067d5a50, 0x0000000606800000| 95%| E|  |TAMS 0x0000000606400000| PB 0x0000000606400000| Complete 
| 119|0x0000000621c00000, 0x0000000622000000, 0x0000000622000000|100%| E|CS|TAMS 0x0000000621c00000| PB 0x0000000621c00000| Complete 
| 126|0x0000000623800000, 0x0000000623c00000, 0x0000000623c00000|100%| E|CS|TAMS 0x0000000623800000| PB 0x0000000623800000| Complete 

Card table byte_map: [0x00000228deb00000,0x00000228dfae0000] _byte_map_base: 0x00000228dbae0000

Marking Bits: (CMBitMap*) 0x00000228ca631810
 Bits: [0x00000228dfae0000, 0x00000228e79e0000)

Polling page: 0x00000228c8140000

Metaspace:

Usage:
  Non-class:     39.28 MB used.
      Class:      5.14 MB used.
       Both:     44.41 MB used.

Virtual space:
  Non-class space:       64.00 MB reserved,      39.62 MB ( 62%) committed,  1 nodes.
      Class space:        1.00 GB reserved,       5.44 MB ( <1%) committed,  1 nodes.
             Both:        1.06 GB reserved,      45.06 MB (  4%) committed. 

Chunk freelists:
   Non-Class:  8.22 MB
       Class:  10.55 MB
        Both:  18.77 MB

MaxMetaspaceSize: unlimited
CompressedClassSpaceSize: 1.00 GB
Initial GC threshold: 21.00 MB
Current GC threshold: 58.88 MB
CDS: off
 - commit_granule_bytes: 65536.
 - commit_granule_words: 8192.
 - virtual_space_node_default_size: 8388608.
 - enlarge_chunks_in_place: 1.
 - use_allocation_guard: 0.


Internal statistics:

num_allocs_failed_limit: 6.
num_arena_births: 760.
num_arena_deaths: 0.
num_vsnodes_births: 2.
num_vsnodes_deaths: 0.
num_space_committed: 721.
num_space_uncommitted: 0.
num_chunks_returned_to_freelist: 6.
num_chunks_taken_from_freelist: 2067.
num_chunk_merges: 6.
num_chunk_splits: 1385.
num_chunks_enlarged: 961.
num_inconsistent_stats: 0.

CodeHeap 'non-profiled nmethods': size=119168Kb used=3746Kb max_used=3746Kb free=115421Kb
 bounds [0x00000228d5c20000, 0x00000228d5fd0000, 0x00000228dd080000]
CodeHeap 'profiled nmethods': size=119104Kb used=11022Kb max_used=11022Kb free=108081Kb
 bounds [0x00000228ce080000, 0x00000228ceb50000, 0x00000228d54d0000]
CodeHeap 'non-nmethods': size=7488Kb used=1539Kb max_used=3270Kb free=5948Kb
 bounds [0x00000228d54d0000, 0x00000228d5810000, 0x00000228d5c20000]
 total_blobs=6016 nmethods=5413 adapters=507
 compilation: enabled
              stopped_count=0, restarted_count=0
 full_count=0

Compilation events (20 events):
Event: 94966.868 Thread 0x00000228eae76cf0 5638       4       java.util.Arrays$ArrayList::size (6 bytes)
Event: 94966.869 Thread 0x00000228eaea6f20 nmethod 5636 0x00000228ceb3e510 code [0x00000228ceb3e720, 0x00000228ceb3ed40]
Event: 94966.869 Thread 0x00000228eaea6f20 5637       1       org.springframework.web.util.pattern.PathPattern::isCatchAll (5 bytes)
Event: 94966.869 Thread 0x00000228eaea6f20 nmethod 5637 0x00000228d5fc8410 code [0x00000228d5fc85a0, 0x00000228d5fc8670]
Event: 94966.869 Thread 0x00000228eae76cf0 nmethod 5638 0x00000228d5fc8710 code [0x00000228d5fc8880, 0x00000228d5fc8920]
Event: 94966.869 Thread 0x00000228eaea6f20 5639  s    3       java.lang.StringBuffer::append (15 bytes)
Event: 94966.869 Thread 0x00000228eaea6f20 nmethod 5639 0x00000228ceb3ef90 code [0x00000228ceb3f140, 0x00000228ceb3f380]
Event: 94966.869 Thread 0x00000228eaea6f20 5640       3       java.lang.System::lineSeparator (4 bytes)
Event: 94966.869 Thread 0x00000228eaea6f20 nmethod 5640 0x00000228ceb3f490 code [0x00000228ceb3f620, 0x00000228ceb3f720]
Event: 94966.869 Thread 0x00000228eaea6f20 5641       3       java.lang.Throwable$WrappedPrintWriter::println (9 bytes)
Event: 94966.869 Thread 0x00000228eaea6f20 nmethod 5641 0x00000228ceb3f790 code [0x00000228ceb3f940, 0x00000228ceb3fb20]
Event: 94966.869 Thread 0x00000228eaea6f20 5642   !   3       java.io.PrintWriter::println (87 bytes)
Event: 94966.869 Thread 0x00000228eaea6f20 nmethod 5642 0x00000228ceb3fc10 code [0x00000228ceb3ff00, 0x00000228ceb411c8]
Event: 94966.869 Thread 0x00000228eaea6f20 5643       3       java.io.PrintWriter::print (9 bytes)
Event: 94966.869 Thread 0x00000228eaea6f20 nmethod 5643 0x00000228ceb41790 code [0x00000228ceb41940, 0x00000228ceb41c20]
Event: 94966.869 Thread 0x00000228eaea6f20 5644       3       java.io.PrintWriter::write (11 bytes)
Event: 94966.870 Thread 0x00000228eaea6f20 nmethod 5644 0x00000228ceb41d10 code [0x00000228ceb41ec0, 0x00000228ceb421a0]
Event: 94966.870 Thread 0x00000228eaea6f20 5645   !   3       java.io.PrintWriter::write (82 bytes)
Event: 94966.870 Thread 0x00000228eaea6f20 nmethod 5645 0x00000228ceb42310 code [0x00000228ceb425a0, 0x00000228ceb43460]
Event: 101967.608 Thread 0x00000228eae76cf0 5646 % !   4       org.apache.tomcat.util.net.NioEndpoint$Poller::run @ 0 (260 bytes)

GC Heap History (20 events):
Event: 100854.576 GC heap before
{Heap before GC invocations=881 (full 0):
 garbage-first heap   total 49152K, used 35893K [0x0000000604000000, 0x0000000800000000)
  region size 4096K, 5 young (20480K), 1 survivors (4096K)
 Metaspace       used 45480K, committed 46144K, reserved 1114112K
  class space    used 5261K, committed 5568K, reserved 1048576K
}
Event: 100854.579 GC heap after
{Heap after GC invocations=882 (full 0):
 garbage-first heap   total 49152K, used 19477K [0x0000000604000000, 0x0000000800000000)
  region size 4096K, 1 young (4096K), 1 survivors (4096K)
 Metaspace       used 45480K, committed 46144K, reserved 1114112K
  class space    used 5261K, committed 5568K, reserved 1048576K
}
Event: 100968.846 GC heap before
{Heap before GC invocations=882 (full 0):
 garbage-first heap   total 49152K, used 35861K [0x0000000604000000, 0x0000000800000000)
  region size 4096K, 5 young (20480K), 1 survivors (4096K)
 Metaspace       used 45480K, committed 46144K, reserved 1114112K
  class space    used 5261K, committed 5568K, reserved 1048576K
}
Event: 100968.848 GC heap after
{Heap after GC invocations=883 (full 0):
 garbage-first heap   total 49152K, used 19481K [0x0000000604000000, 0x0000000800000000)
  region size 4096K, 1 young (4096K), 1 survivors (4096K)
 Metaspace       used 45480K, committed 46144K, reserved 1114112K
  class space    used 5261K, committed 5568K, reserved 1048576K
}
Event: 101083.039 GC heap before
{Heap before GC invocations=883 (full 0):
 garbage-first heap   total 49152K, used 35865K [0x0000000604000000, 0x0000000800000000)
  region size 4096K, 5 young (20480K), 1 survivors (4096K)
 Metaspace       used 45480K, committed 46144K, reserved 1114112K
  class space    used 5261K, committed 5568K, reserved 1048576K
}
Event: 101083.040 GC heap after
{Heap after GC invocations=884 (full 0):
 garbage-first heap   total 49152K, used 19487K [0x0000000604000000, 0x0000000800000000)
  region size 4096K, 1 young (4096K), 1 survivors (4096K)
 Metaspace       used 45480K, committed 46144K, reserved 1114112K
  class space    used 5261K, committed 5568K, reserved 1048576K
}
Event: 101197.172 GC heap before
{Heap before GC invocations=884 (full 0):
 garbage-first heap   total 49152K, used 35871K [0x0000000604000000, 0x0000000800000000)
  region size 4096K, 5 young (20480K), 1 survivors (4096K)
 Metaspace       used 45480K, committed 46144K, reserved 1114112K
  class space    used 5261K, committed 5568K, reserved 1048576K
}
Event: 101197.174 GC heap after
{Heap after GC invocations=885 (full 0):
 garbage-first heap   total 49152K, used 19497K [0x0000000604000000, 0x0000000800000000)
  region size 4096K, 1 young (4096K), 1 survivors (4096K)
 Metaspace       used 45480K, committed 46144K, reserved 1114112K
  class space    used 5261K, committed 5568K, reserved 1048576K
}
Event: 101311.416 GC heap before
{Heap before GC invocations=885 (full 0):
 garbage-first heap   total 49152K, used 35881K [0x0000000604000000, 0x0000000800000000)
  region size 4096K, 5 young (20480K), 1 survivors (4096K)
 Metaspace       used 45480K, committed 46144K, reserved 1114112K
  class space    used 5261K, committed 5568K, reserved 1048576K
}
Event: 101311.418 GC heap after
{Heap after GC invocations=886 (full 0):
 garbage-first heap   total 49152K, used 19501K [0x0000000604000000, 0x0000000800000000)
  region size 4096K, 1 young (4096K), 1 survivors (4096K)
 Metaspace       used 45480K, committed 46144K, reserved 1114112K
  class space    used 5261K, committed 5568K, reserved 1048576K
}
Event: 101426.044 GC heap before
{Heap before GC invocations=886 (full 0):
 garbage-first heap   total 49152K, used 35885K [0x0000000604000000, 0x0000000800000000)
  region size 4096K, 5 young (20480K), 1 survivors (4096K)
 Metaspace       used 45480K, committed 46144K, reserved 1114112K
  class space    used 5261K, committed 5568K, reserved 1048576K
}
Event: 101426.049 GC heap after
{Heap after GC invocations=887 (full 0):
 garbage-first heap   total 49152K, used 19511K [0x0000000604000000, 0x0000000800000000)
  region size 4096K, 1 young (4096K), 1 survivors (4096K)
 Metaspace       used 45480K, committed 46144K, reserved 1114112K
  class space    used 5261K, committed 5568K, reserved 1048576K
}
Event: 101540.419 GC heap before
{Heap before GC invocations=887 (full 0):
 garbage-first heap   total 49152K, used 35895K [0x0000000604000000, 0x0000000800000000)
  region size 4096K, 5 young (20480K), 1 survivors (4096K)
 Metaspace       used 45480K, committed 46144K, reserved 1114112K
  class space    used 5261K, committed 5568K, reserved 1048576K
}
Event: 101540.424 GC heap after
{Heap after GC invocations=888 (full 0):
 garbage-first heap   total 49152K, used 19513K [0x0000000604000000, 0x0000000800000000)
  region size 4096K, 1 young (4096K), 1 survivors (4096K)
 Metaspace       used 45480K, committed 46144K, reserved 1114112K
  class space    used 5261K, committed 5568K, reserved 1048576K
}
Event: 101655.222 GC heap before
{Heap before GC invocations=888 (full 0):
 garbage-first heap   total 49152K, used 35897K [0x0000000604000000, 0x0000000800000000)
  region size 4096K, 5 young (20480K), 1 survivors (4096K)
 Metaspace       used 45480K, committed 46144K, reserved 1114112K
  class space    used 5261K, committed 5568K, reserved 1048576K
}
Event: 101655.223 GC heap after
{Heap after GC invocations=889 (full 0):
 garbage-first heap   total 49152K, used 19481K [0x0000000604000000, 0x0000000800000000)
  region size 4096K, 1 young (4096K), 1 survivors (4096K)
 Metaspace       used 45480K, committed 46144K, reserved 1114112K
  class space    used 5261K, committed 5568K, reserved 1048576K
}
Event: 101769.510 GC heap before
{Heap before GC invocations=889 (full 0):
 garbage-first heap   total 49152K, used 35865K [0x0000000604000000, 0x0000000800000000)
  region size 4096K, 5 young (20480K), 1 survivors (4096K)
 Metaspace       used 45480K, committed 46144K, reserved 1114112K
  class space    used 5261K, committed 5568K, reserved 1048576K
}
Event: 101769.512 GC heap after
{Heap after GC invocations=890 (full 0):
 garbage-first heap   total 49152K, used 19485K [0x0000000604000000, 0x0000000800000000)
  region size 4096K, 1 young (4096K), 1 survivors (4096K)
 Metaspace       used 45480K, committed 46144K, reserved 1114112K
  class space    used 5261K, committed 5568K, reserved 1048576K
}
Event: 101883.778 GC heap before
{Heap before GC invocations=890 (full 0):
 garbage-first heap   total 49152K, used 35869K [0x0000000604000000, 0x0000000800000000)
  region size 4096K, 5 young (20480K), 1 survivors (4096K)
 Metaspace       used 45480K, committed 46144K, reserved 1114112K
  class space    used 5261K, committed 5568K, reserved 1048576K
}
Event: 101883.779 GC heap after
{Heap after GC invocations=891 (full 0):
 garbage-first heap   total 49152K, used 19489K [0x0000000604000000, 0x0000000800000000)
  region size 4096K, 1 young (4096K), 1 survivors (4096K)
 Metaspace       used 45480K, committed 46144K, reserved 1114112K
  class space    used 5261K, committed 5568K, reserved 1048576K
}

Dll operation events (10 events):
Event: 0.007 Loaded shared library C:\Users\user\Desktop\새 폴더 (5)\eclipse\plugins\org.eclipse.justj.openjdk.hotspot.jre.full.win32.x86_64_21.0.4.v20240802-1551\jre\bin\java.dll
Event: 0.011 Loaded shared library C:\Users\user\Desktop\새 폴더 (5)\eclipse\plugins\org.eclipse.justj.openjdk.hotspot.jre.full.win32.x86_64_21.0.4.v20240802-1551\jre\bin\zip.dll
Event: 0.088 Loaded shared library C:\Users\user\Desktop\새 폴더 (5)\eclipse\plugins\org.eclipse.justj.openjdk.hotspot.jre.full.win32.x86_64_21.0.4.v20240802-1551\jre\bin\net.dll
Event: 0.090 Loaded shared library C:\Users\user\Desktop\새 폴더 (5)\eclipse\plugins\org.eclipse.justj.openjdk.hotspot.jre.full.win32.x86_64_21.0.4.v20240802-1551\jre\bin\nio.dll
Event: 0.094 Loaded shared library C:\Users\user\Desktop\새 폴더 (5)\eclipse\plugins\org.eclipse.justj.openjdk.hotspot.jre.full.win32.x86_64_21.0.4.v20240802-1551\jre\bin\zip.dll
Event: 0.152 Loaded shared library C:\Users\user\Desktop\새 폴더 (5)\eclipse\plugins\org.eclipse.justj.openjdk.hotspot.jre.full.win32.x86_64_21.0.4.v20240802-1551\jre\bin\jimage.dll
Event: 0.360 Loaded shared library C:\Users\user\Desktop\새 폴더 (5)\eclipse\plugins\org.eclipse.justj.openjdk.hotspot.jre.full.win32.x86_64_21.0.4.v20240802-1551\jre\bin\management.dll
Event: 0.362 Loaded shared library C:\Users\user\Desktop\새 폴더 (5)\eclipse\plugins\org.eclipse.justj.openjdk.hotspot.jre.full.win32.x86_64_21.0.4.v20240802-1551\jre\bin\management_ext.dll
Event: 0.866 Loaded shared library C:\Users\user\Desktop\새 폴더 (5)\eclipse\plugins\org.eclipse.justj.openjdk.hotspot.jre.full.win32.x86_64_21.0.4.v20240802-1551\jre\bin\sunmscapi.dll
Event: 1.969 Loaded shared library C:\Users\user\Desktop\새 폴더 (5)\eclipse\plugins\org.eclipse.justj.openjdk.hotspot.jre.full.win32.x86_64_21.0.4.v20240802-1551\jre\bin\extnet.dll

Deoptimization events (20 events):
Event: 94963.386 Thread 0x00000228f58a8da0 Uncommon trap: trap_request=0xffffffdc fr.pc=0x00000228d5fb72d4 relative=0x0000000000000294
Event: 94963.386 Thread 0x00000228f58a8da0 Uncommon trap: reason=class_check action=make_not_entrant pc=0x00000228d5fb72d4 method=java.util.ArrayList.toArray([Ljava/lang/Object;)[Ljava/lang/Object; @ 21 c2
Event: 94963.386 Thread 0x00000228f58a8da0 DEOPT PACKING pc=0x00000228d5fb72d4 sp=0x000000fa925fd490
Event: 94963.386 Thread 0x00000228f58a8da0 DEOPT UNPACKING pc=0x00000228d55246a2 sp=0x000000fa925fd440 mode 2
Event: 94965.529 Thread 0x00000228f58a6640 Uncommon trap: trap_request=0xffffff6e fr.pc=0x00000228d5fb9700 relative=0x0000000000000a00
Event: 94965.529 Thread 0x00000228f58a6640 Uncommon trap: reason=loop_limit_check action=maybe_recompile pc=0x00000228d5fb9700 method=org.attoparser.MarkupEventProcessorHandler.autoClose([[C[[CII)V @ 83 c2
Event: 94965.529 Thread 0x00000228f58a6640 DEOPT PACKING pc=0x00000228d5fb9700 sp=0x000000fa924fd150
Event: 94965.529 Thread 0x00000228f58a6640 DEOPT UNPACKING pc=0x00000228d55246a2 sp=0x000000fa924fd0f0 mode 2
Event: 94965.529 Thread 0x00000228f58a6640 Uncommon trap: trap_request=0xffffff6e fr.pc=0x00000228d5f57310 relative=0x0000000000000a10
Event: 94965.529 Thread 0x00000228f58a6640 Uncommon trap: reason=loop_limit_check action=maybe_recompile pc=0x00000228d5f57310 method=org.attoparser.MarkupEventProcessorHandler.autoClose([[C[[CII)V @ 83 c2
Event: 94965.529 Thread 0x00000228f58a6640 DEOPT PACKING pc=0x00000228d5f57310 sp=0x000000fa924fd130
Event: 94965.529 Thread 0x00000228f58a6640 DEOPT UNPACKING pc=0x00000228d55246a2 sp=0x000000fa924fd0f0 mode 2
Event: 94965.531 Thread 0x00000228f58a6640 DEOPT PACKING pc=0x00000228cea8150a sp=0x000000fa924fcaa0
Event: 94965.531 Thread 0x00000228f58a6640 DEOPT UNPACKING pc=0x00000228d5524e42 sp=0x000000fa924fbf38 mode 0
Event: 94965.532 Thread 0x00000228f58a6640 Uncommon trap: trap_request=0xffffffcc fr.pc=0x00000228d5fbe1b8 relative=0x0000000000000278
Event: 94965.532 Thread 0x00000228f58a6640 Uncommon trap: reason=intrinsic_or_type_checked_inlining action=make_not_entrant pc=0x00000228d5fbe1b8 method=java.util.ArrayList.toArray([Ljava/lang/Object;)[Ljava/lang/Object; @ 36 c2
Event: 94965.532 Thread 0x00000228f58a6640 DEOPT PACKING pc=0x00000228d5fbe1b8 sp=0x000000fa924fcea0
Event: 94965.532 Thread 0x00000228f58a6640 DEOPT UNPACKING pc=0x00000228d55246a2 sp=0x000000fa924fce70 mode 2
Event: 100488.008 Thread 0x00000228f47e7ff0 DEOPT PACKING pc=0x00000228ceb0e07e sp=0x000000fa91bfef30
Event: 100488.008 Thread 0x00000228f47e7ff0 DEOPT UNPACKING pc=0x00000228d5524e42 sp=0x000000fa91bfe4a8 mode 0

Classes loaded (20 events):
Event: 7963.081 Loading class java/util/stream/ReferencePipeline$4$1
Event: 7963.081 Loading class java/util/stream/ReferencePipeline$4$1 done
Event: 7963.086 Loading class java/lang/Throwable$WrappedPrintWriter
Event: 7963.086 Loading class java/lang/Throwable$PrintStreamOrWriter
Event: 7963.086 Loading class java/lang/Throwable$PrintStreamOrWriter done
Event: 7963.086 Loading class java/lang/Throwable$WrappedPrintWriter done
Event: 7963.090 Loading class java/util/OptionalLong
Event: 7963.090 Loading class java/util/OptionalLong done
Event: 7963.090 Loading class java/util/OptionalDouble
Event: 7963.090 Loading class java/util/OptionalDouble done
Event: 7963.104 Loading class java/util/stream/LongStream
Event: 7963.105 Loading class java/util/stream/LongStream done
Event: 7963.105 Loading class java/util/stream/DoubleStream
Event: 7963.105 Loading class java/util/stream/DoubleStream done
Event: 7963.109 Loading class java/io/ObjectOutputStream
Event: 7963.109 Loading class java/io/ObjectOutput
Event: 7963.109 Loading class java/io/ObjectOutput done
Event: 7963.109 Loading class java/io/ObjectOutputStream done
Event: 7966.431 Loading class sun/nio/cs/US_ASCII$Decoder
Event: 7966.431 Loading class sun/nio/cs/US_ASCII$Decoder done

Classes unloaded (0 events):
No events

Classes redefined (0 events):
No events

Internal exceptions (20 events):
Event: 1.817 Thread 0x00000228f3e47820 Exception <a 'java/lang/IncompatibleClassChangeError'{0x0000000605de8a80}: Found class java.lang.Object, but interface was expected> (0x0000000605de8a80) 
thrown [s\src\hotspot\share\interpreter\linkResolver.cpp, line 840]
Event: 1.835 Thread 0x00000228f3e47820 Exception <a 'java/lang/NoSuchMethodError'{0x0000000605f0f8b0}: 'void java.lang.invoke.DirectMethodHandle$Holder.invokeVirtual(java.lang.Object, java.lang.Object, long)'> (0x0000000605f0f8b0) 
thrown [s\src\hotspot\share\interpreter\linkResolver.cpp, line 773]
Event: 1.861 Thread 0x00000228f3e47820 Exception <a 'java/lang/NoSuchMethodError'{0x0000000605934f10}: 'int java.lang.invoke.DirectMethodHandle$Holder.invokeStaticInit(java.lang.Object, java.lang.Object, java.lang.Object, java.lang.Object)'> (0x0000000605934f10) 
thrown [s\src\hotspot\share\interpreter\linkResolver.cpp, line 773]
Event: 1.866 Thread 0x00000228f3e47820 Implicit null exception at 0x00000228d5e23df7 to 0x00000228d5e24068
Event: 1.980 Thread 0x00000228f3e47820 Exception <a 'java/lang/NoSuchMethodError'{0x0000000623abc0b0}: 'java.lang.Object java.lang.invoke.DirectMethodHandle$Holder.newInvokeSpecial(java.lang.Object, java.lang.Object, int, java.lang.Object, java.lang.Object)'> (0x0000000623abc0b0) 
thrown [s\src\hotspot\share\interpreter\linkResolver.cpp, line 773]
Event: 6462.586 Thread 0x00000228f47e72d0 Exception <a 'java/lang/NoSuchMethodError'{0x0000000606307ef0}: 'java.lang.Object java.lang.invoke.DirectMethodHandle$Holder.invokeSpecial(java.lang.Object, java.lang.Object, java.lang.Object, java.lang.Object, java.lang.Object, long)'> (0x0000000606307ef0) 
thrown [s\src\hotspot\share\interpreter\linkResolver.cpp, line 773]
Event: 6462.586 Thread 0x00000228f47e72d0 Exception <a 'java/lang/NoSuchMethodError'{0x000000060630b8f8}: 'java.lang.Object java.lang.invoke.Invokers$Holder.linkToTargetMethod(java.lang.Object, java.lang.Object, java.lang.Object, long, java.lang.Object)'> (0x000000060630b8f8) 
thrown [s\src\hotspot\share\interpreter\linkResolver.cpp, line 773]
Event: 6462.775 Thread 0x00000228f58a8710 Exception <a 'java/lang/NoSuchMethodError'{0x0000000621ef92b0}: 'java.lang.Object java.lang.invoke.DirectMethodHandle$Holder.invokeStatic(java.lang.Object, int, int)'> (0x0000000621ef92b0) 
thrown [s\src\hotspot\share\interpreter\linkResolver.cpp, line 773]
Event: 6462.775 Thread 0x00000228f58a5290 Exception <a 'java/lang/NoSuchMethodError'{0x0000000621f004b0}: 'java.lang.Object java.lang.invoke.DirectMethodHandle$Holder.invokeStatic(java.lang.Object, int, int)'> (0x0000000621f004b0) 
thrown [s\src\hotspot\share\interpreter\linkResolver.cpp, line 773]
Event: 6462.775 Thread 0x00000228f47e8d10 Exception <a 'java/lang/NoSuchMethodError'{0x0000000621f25260}: 'java.lang.Object java.lang.invoke.DirectMethodHandle$Holder.invokeStatic(java.lang.Object, int, int)'> (0x0000000621f25260) 
thrown [s\src\hotspot\share\interpreter\linkResolver.cpp, line 773]
Event: 7963.074 Thread 0x00000228f47e72d0 Exception <a 'java/lang/ArrayIndexOutOfBoundsException'{0x0000000621c51ca8}: Index -1 out of bounds for length 128> (0x0000000621c51ca8) 
thrown [s\src\hotspot\share\interpreter\interpreterRuntime.cpp, line 439]
Event: 7965.249 Thread 0x00000228f58a8080 Exception <a 'java/io/IOException'{0x0000000621f66950}> (0x0000000621f66950) 
thrown [s\src\hotspot\share\prims\jni.cpp, line 520]
Event: 7965.252 Thread 0x00000228f58a8080 Exception <a 'java/io/IOException'{0x0000000621faf968}> (0x0000000621faf968) 
thrown [s\src\hotspot\share\prims\jni.cpp, line 520]
Event: 7966.415 Thread 0x00000228f58a6cd0 Exception <a 'java/lang/ArrayIndexOutOfBoundsException'{0x0000000623ae1fb0}: Index -1 out of bounds for length 128> (0x0000000623ae1fb0) 
thrown [s\src\hotspot\share\interpreter\interpreterRuntime.cpp, line 439]
Event: 7966.427 Thread 0x00000228f58a8080 Exception <a 'java/lang/ArrayIndexOutOfBoundsException'{0x0000000621fb02b8}: Index -1 out of bounds for length 128> (0x0000000621fb02b8) 
thrown [s\src\hotspot\share\interpreter\interpreterRuntime.cpp, line 439]
Event: 94963.386 Thread 0x00000228f58a8da0 Exception <a 'java/lang/ArrayIndexOutOfBoundsException'{0x0000000621ec9878}> (0x0000000621ec9878) 
thrown [s\src\hotspot\share\runtime\sharedRuntime.cpp, line 625]
Event: 94965.531 Thread 0x00000228f58a6640 Exception <a 'java/io/IOException'{0x0000000621f7f748}> (0x0000000621f7f748) 
thrown [s\src\hotspot\share\prims\jni.cpp, line 520]
Event: 94965.534 Thread 0x00000228f58a6640 Exception <a 'java/io/IOException'{0x0000000621fca0a8}> (0x0000000621fca0a8) 
thrown [s\src\hotspot\share\prims\jni.cpp, line 520]
Event: 94966.855 Thread 0x00000228f58a8710 Exception <a 'java/lang/ArrayIndexOutOfBoundsException'{0x0000000621d2e670}> (0x0000000621d2e670) 
thrown [s\src\hotspot\share\runtime\sharedRuntime.cpp, line 625]
Event: 94966.867 Thread 0x00000228f58a8da0 Exception <a 'java/lang/ArrayIndexOutOfBoundsException'{0x0000000621eedec8}> (0x0000000621eedec8) 
thrown [s\src\hotspot\share\runtime\sharedRuntime.cpp, line 625]

ZGC Phase Switch (0 events):
No events

VM Operations (20 events):
Event: 100854.576 Executing VM operation: G1CollectForAllocation (G1 Evacuation Pause)
Event: 100854.579 Executing VM operation: G1CollectForAllocation (G1 Evacuation Pause) done
Event: 100968.846 Executing VM operation: G1CollectForAllocation (G1 Evacuation Pause)
Event: 100968.848 Executing VM operation: G1CollectForAllocation (G1 Evacuation Pause) done
Event: 101083.039 Executing VM operation: G1CollectForAllocation (G1 Evacuation Pause)
Event: 101083.040 Executing VM operation: G1CollectForAllocation (G1 Evacuation Pause) done
Event: 101197.172 Executing VM operation: G1CollectForAllocation (G1 Evacuation Pause)
Event: 101197.174 Executing VM operation: G1CollectForAllocation (G1 Evacuation Pause) done
Event: 101311.416 Executing VM operation: G1CollectForAllocation (G1 Evacuation Pause)
Event: 101311.418 Executing VM operation: G1CollectForAllocation (G1 Evacuation Pause) done
Event: 101426.043 Executing VM operation: G1CollectForAllocation (G1 Evacuation Pause)
Event: 101426.049 Executing VM operation: G1CollectForAllocation (G1 Evacuation Pause) done
Event: 101540.419 Executing VM operation: G1CollectForAllocation (G1 Evacuation Pause)
Event: 101540.425 Executing VM operation: G1CollectForAllocation (G1 Evacuation Pause) done
Event: 101655.222 Executing VM operation: G1CollectForAllocation (G1 Evacuation Pause)
Event: 101655.223 Executing VM operation: G1CollectForAllocation (G1 Evacuation Pause) done
Event: 101769.510 Executing VM operation: G1CollectForAllocation (G1 Evacuation Pause)
Event: 101769.512 Executing VM operation: G1CollectForAllocation (G1 Evacuation Pause) done
Event: 101883.778 Executing VM operation: G1CollectForAllocation (G1 Evacuation Pause)
Event: 101883.779 Executing VM operation: G1CollectForAllocation (G1 Evacuation Pause) done

Memory protections (0 events):
No events

Nmethod flushes (20 events):
Event: 1.626 Thread 0x00000228eadc4c30 flushing  nmethod 0x00000228ce098c90
Event: 1.626 Thread 0x00000228eadc4c30 flushing  nmethod 0x00000228ce099610
Event: 1.626 Thread 0x00000228eadc4c30 flushing  nmethod 0x00000228ce09b790
Event: 1.626 Thread 0x00000228eadc4c30 flushing  nmethod 0x00000228ce0c1e90
Event: 1.626 Thread 0x00000228eadc4c30 flushing  nmethod 0x00000228ce0c2710
Event: 1.626 Thread 0x00000228eadc4c30 flushing  nmethod 0x00000228ce0c2c10
Event: 1.626 Thread 0x00000228eadc4c30 flushing  nmethod 0x00000228ce0c5a90
Event: 1.626 Thread 0x00000228eadc4c30 flushing  nmethod 0x00000228ce0c7910
Event: 1.626 Thread 0x00000228eadc4c30 flushing  nmethod 0x00000228ce0e5110
Event: 1.626 Thread 0x00000228eadc4c30 flushing  nmethod 0x00000228ce0e6790
Event: 1.626 Thread 0x00000228eadc4c30 flushing  nmethod 0x00000228ce0e7790
Event: 1.626 Thread 0x00000228eadc4c30 flushing  nmethod 0x00000228ce0e8d10
Event: 1.626 Thread 0x00000228eadc4c30 flushing  nmethod 0x00000228ce0e9090
Event: 1.626 Thread 0x00000228eadc4c30 flushing  nmethod 0x00000228ce0e9e90
Event: 1.626 Thread 0x00000228eadc4c30 flushing  nmethod 0x00000228ce0eab10
Event: 1.626 Thread 0x00000228eadc4c30 flushing  nmethod 0x00000228ce10a990
Event: 1.626 Thread 0x00000228eadc4c30 flushing  nmethod 0x00000228ce222490
Event: 1.626 Thread 0x00000228eadc4c30 flushing  nmethod 0x00000228ce2e7410
Event: 1.626 Thread 0x00000228eadc4c30 flushing  nmethod 0x00000228ce2e7790
Event: 1.626 Thread 0x00000228eadc4c30 flushing  nmethod 0x00000228ce2e7d10

Events (20 events):
Event: 7966.434 Thread 0x00000228eaea6f20 Thread added: 0x00000228f5d29190
Event: 7966.434 Thread 0x00000228eaea6f20 Thread added: 0x00000228f6329c40
Event: 7966.434 Thread 0x00000228eaea6f20 Thread added: 0x00000228f632a2f0
Event: 7966.434 Thread 0x00000228eaea6f20 Thread added: 0x00000228f5b4eb40
Event: 7971.458 Thread 0x00000228f5b4eb40 Thread exited: 0x00000228f5b4eb40
Event: 7971.459 Thread 0x00000228f5d29190 Thread exited: 0x00000228f5d29190
Event: 7976.470 Thread 0x00000228f632a2f0 Thread exited: 0x00000228f632a2f0
Event: 7976.470 Thread 0x00000228f6329c40 Thread exited: 0x00000228f6329c40
Event: 64048.831 Thread 0x00000228eae76cf0 Thread added: 0x00000228f6f0ffb0
Event: 64053.845 Thread 0x00000228f6f0ffb0 Thread exited: 0x00000228f6f0ffb0
Event: 94952.296 Thread 0x00000228eaea6f20 Thread added: 0x00000228eb3b51f0
Event: 94952.297 Thread 0x00000228eb3b51f0 Thread added: 0x00000228f3c59ac0
Event: 94952.297 Thread 0x00000228eb3b51f0 Thread added: 0x00000228f3c5a170
Event: 94957.318 Thread 0x00000228f3c5a170 Thread exited: 0x00000228f3c5a170
Event: 94957.318 Thread 0x00000228f3c59ac0 Thread exited: 0x00000228f3c59ac0
Event: 94962.319 Thread 0x00000228eb3b51f0 Thread exited: 0x00000228eb3b51f0
Event: 94965.531 Thread 0x00000228eaea6f20 Thread added: 0x00000228eb655420
Event: 94965.535 Thread 0x00000228eae76cf0 Thread added: 0x00000228eb655ad0
Event: 94966.060 Thread 0x00000228eb655ad0 Thread exited: 0x00000228eb655ad0
Event: 94966.189 Thread 0x00000228eb655420 Thread exited: 0x00000228eb655420


Dynamic libraries:
0x00007ff7b5ea0000 - 0x00007ff7b5eae000 	C:\Users\user\Desktop\새 폴더 (5)\eclipse\plugins\org.eclipse.justj.openjdk.hotspot.jre.full.win32.x86_64_21.0.4.v20240802-1551\jre\bin\javaw.exe
0x00007ffe1a860000 - 0x00007ffe1aac3000 	C:\WINDOWS\SYSTEM32\ntdll.dll
0x00007ffdd7bb0000 - 0x00007ffdd7bca000 	C:\Program Files\Avast Software\Avast\aswhook.dll
0x00007ffe18c20000 - 0x00007ffe18ce7000 	C:\WINDOWS\System32\KERNEL32.DLL
0x00007ffe17f00000 - 0x00007ffe182b0000 	C:\WINDOWS\System32\KERNELBASE.dll
0x00007ffe183f0000 - 0x00007ffe1853b000 	C:\WINDOWS\System32\ucrtbase.dll
0x00007ffdfcb30000 - 0x00007ffdfcb48000 	C:\Users\user\Desktop\새 폴더 (5)\eclipse\plugins\org.eclipse.justj.openjdk.hotspot.jre.full.win32.x86_64_21.0.4.v20240802-1551\jre\bin\jli.dll
0x00007ffdfb5c0000 - 0x00007ffdfb5db000 	C:\Users\user\Desktop\새 폴더 (5)\eclipse\plugins\org.eclipse.justj.openjdk.hotspot.jre.full.win32.x86_64_21.0.4.v20240802-1551\jre\bin\VCRUNTIME140.dll
0x00007ffe195f0000 - 0x00007ffe197b3000 	C:\WINDOWS\System32\USER32.dll
0x00007ffe185f0000 - 0x00007ffe18617000 	C:\WINDOWS\System32\win32u.dll
0x00007ffe186e0000 - 0x00007ffe1870a000 	C:\WINDOWS\System32\GDI32.dll
0x00007ffe182c0000 - 0x00007ffe183e3000 	C:\WINDOWS\System32\gdi32full.dll
0x00007ffdfbfb0000 - 0x00007ffdfc240000 	C:\WINDOWS\WinSxS\amd64_microsoft.windows.common-controls_6595b64144ccf1df_6.0.26100.1882_none_3e0e949ae32eca40\COMCTL32.dll
0x00007ffe18540000 - 0x00007ffe185e3000 	C:\WINDOWS\System32\msvcp_win.dll
0x00007ffe18b70000 - 0x00007ffe18c19000 	C:\WINDOWS\System32\msvcrt.dll
0x00007ffe19030000 - 0x00007ffe1905f000 	C:\WINDOWS\System32\IMM32.DLL
0x00007ffdfcc70000 - 0x00007ffdfcc7c000 	C:\Users\user\Desktop\새 폴더 (5)\eclipse\plugins\org.eclipse.justj.openjdk.hotspot.jre.full.win32.x86_64_21.0.4.v20240802-1551\jre\bin\vcruntime140_1.dll
0x00007ffdb8f20000 - 0x00007ffdb8fae000 	C:\Users\user\Desktop\새 폴더 (5)\eclipse\plugins\org.eclipse.justj.openjdk.hotspot.jre.full.win32.x86_64_21.0.4.v20240802-1551\jre\bin\msvcp140.dll
0x00007ffd7d6f0000 - 0x00007ffd7e478000 	C:\Users\user\Desktop\새 폴더 (5)\eclipse\plugins\org.eclipse.justj.openjdk.hotspot.jre.full.win32.x86_64_21.0.4.v20240802-1551\jre\bin\server\jvm.dll
0x00007ffe18d50000 - 0x00007ffe18e04000 	C:\WINDOWS\System32\ADVAPI32.dll
0x00007ffe18f40000 - 0x00007ffe18fe6000 	C:\WINDOWS\System32\sechost.dll
0x00007ffe19c50000 - 0x00007ffe19d66000 	C:\WINDOWS\System32\RPCRT4.dll
0x00007ffe19bd0000 - 0x00007ffe19c44000 	C:\WINDOWS\System32\WS2_32.dll
0x00007ffe0ec10000 - 0x00007ffe0ec46000 	C:\WINDOWS\SYSTEM32\WINMM.dll
0x00007ffe0eb40000 - 0x00007ffe0eb4b000 	C:\WINDOWS\SYSTEM32\VERSION.dll
0x00007ffe174c0000 - 0x00007ffe1750e000 	C:\WINDOWS\SYSTEM32\POWRPROF.dll
0x00007ffe174a0000 - 0x00007ffe174b4000 	C:\WINDOWS\SYSTEM32\UMPDC.dll
0x00007ffe16a80000 - 0x00007ffe16a9a000 	C:\WINDOWS\SYSTEM32\kernel.appcore.dll
0x00007ffdfcb20000 - 0x00007ffdfcb2a000 	C:\Users\user\Desktop\새 폴더 (5)\eclipse\plugins\org.eclipse.justj.openjdk.hotspot.jre.full.win32.x86_64_21.0.4.v20240802-1551\jre\bin\jimage.dll
0x00007ffe087c0000 - 0x00007ffe08a01000 	C:\WINDOWS\SYSTEM32\DBGHELP.DLL
0x00007ffe187f0000 - 0x00007ffe18b6c000 	C:\WINDOWS\System32\combase.dll
0x00007ffe18710000 - 0x00007ffe187e6000 	C:\WINDOWS\System32\OLEAUT32.dll
0x00007ffe08420000 - 0x00007ffe08459000 	C:\WINDOWS\SYSTEM32\dbgcore.DLL
0x00007ffe17ce0000 - 0x00007ffe17d79000 	C:\WINDOWS\System32\bcryptPrimitives.dll
0x00007ffdfb500000 - 0x00007ffdfb51f000 	C:\Users\user\Desktop\새 폴더 (5)\eclipse\plugins\org.eclipse.justj.openjdk.hotspot.jre.full.win32.x86_64_21.0.4.v20240802-1551\jre\bin\java.dll
0x00007ffdfb4e0000 - 0x00007ffdfb4f8000 	C:\Users\user\Desktop\새 폴더 (5)\eclipse\plugins\org.eclipse.justj.openjdk.hotspot.jre.full.win32.x86_64_21.0.4.v20240802-1551\jre\bin\zip.dll
0x00007ffe19f00000 - 0x00007ffe1a5f8000 	C:\WINDOWS\System32\SHELL32.dll
0x00007ffe159e0000 - 0x00007ffe1620a000 	C:\WINDOWS\SYSTEM32\windows.storage.dll
0x00007ffe19e00000 - 0x00007ffe19ed3000 	C:\WINDOWS\System32\SHCORE.dll
0x00007ffe18cf0000 - 0x00007ffe18d4d000 	C:\WINDOWS\System32\shlwapi.dll
0x00007ffe17b80000 - 0x00007ffe17ba9000 	C:\WINDOWS\SYSTEM32\profapi.dll
0x00007ffdfcb10000 - 0x00007ffdfcb20000 	C:\Users\user\Desktop\새 폴더 (5)\eclipse\plugins\org.eclipse.justj.openjdk.hotspot.jre.full.win32.x86_64_21.0.4.v20240802-1551\jre\bin\net.dll
0x00007ffe14440000 - 0x00007ffe14566000 	C:\WINDOWS\SYSTEM32\WINHTTP.dll
0x00007ffe16f60000 - 0x00007ffe16fc8000 	C:\WINDOWS\system32\mswsock.dll
0x00007ffdfb3e0000 - 0x00007ffdfb3f6000 	C:\Users\user\Desktop\새 폴더 (5)\eclipse\plugins\org.eclipse.justj.openjdk.hotspot.jre.full.win32.x86_64_21.0.4.v20240802-1551\jre\bin\nio.dll
0x00007ffdfb5b0000 - 0x00007ffdfb5ba000 	C:\Users\user\Desktop\새 폴더 (5)\eclipse\plugins\org.eclipse.justj.openjdk.hotspot.jre.full.win32.x86_64_21.0.4.v20240802-1551\jre\bin\management.dll
0x00007ffdfb400000 - 0x00007ffdfb40b000 	C:\Users\user\Desktop\새 폴더 (5)\eclipse\plugins\org.eclipse.justj.openjdk.hotspot.jre.full.win32.x86_64_21.0.4.v20240802-1551\jre\bin\management_ext.dll
0x00007ffe199e0000 - 0x00007ffe199e8000 	C:\WINDOWS\System32\PSAPI.DLL
0x00007ffdfcbe0000 - 0x00007ffdfcbee000 	C:\Users\user\Desktop\새 폴더 (5)\eclipse\plugins\org.eclipse.justj.openjdk.hotspot.jre.full.win32.x86_64_21.0.4.v20240802-1551\jre\bin\sunmscapi.dll
0x00007ffe17d80000 - 0x00007ffe17ef6000 	C:\WINDOWS\System32\CRYPT32.dll
0x00007ffe17570000 - 0x00007ffe175a0000 	C:\WINDOWS\SYSTEM32\ncrypt.dll
0x00007ffe17520000 - 0x00007ffe1755f000 	C:\WINDOWS\SYSTEM32\NTASN1.dll
0x00007ffe17310000 - 0x00007ffe1732c000 	C:\WINDOWS\SYSTEM32\CRYPTSP.dll
0x00007ffe169e0000 - 0x00007ffe16a18000 	C:\WINDOWS\system32\rsaenh.dll
0x00007ffe17000000 - 0x00007ffe1702b000 	C:\WINDOWS\SYSTEM32\USERENV.dll
0x00007ffe175b0000 - 0x00007ffe175d6000 	C:\WINDOWS\SYSTEM32\bcrypt.dll
0x00007ffe17190000 - 0x00007ffe1719c000 	C:\WINDOWS\SYSTEM32\CRYPTBASE.dll
0x00007ffe164a0000 - 0x00007ffe164d1000 	C:\WINDOWS\SYSTEM32\IPHLPAPI.DLL
0x00007ffe197c0000 - 0x00007ffe197ca000 	C:\WINDOWS\System32\NSI.dll
0x00007ffdfb4d0000 - 0x00007ffdfb4d9000 	C:\Users\user\Desktop\새 폴더 (5)\eclipse\plugins\org.eclipse.justj.openjdk.hotspot.jre.full.win32.x86_64_21.0.4.v20240802-1551\jre\bin\extnet.dll
0x00007ffde6f70000 - 0x00007ffde6f78000 	C:\WINDOWS\system32\wshunix.dll

dbghelp: loaded successfully - version: 4.0.5 - missing functions: none
symbol engine: initialized successfully - sym options: 0x614 - pdb path: .;C:\Users\user\Desktop\새 폴더 (5)\eclipse\plugins\org.eclipse.justj.openjdk.hotspot.jre.full.win32.x86_64_21.0.4.v20240802-1551\jre\bin;C:\WINDOWS\SYSTEM32;C:\Program Files\Avast Software\Avast;C:\WINDOWS\WinSxS\amd64_microsoft.windows.common-controls_6595b64144ccf1df_6.0.26100.1882_none_3e0e949ae32eca40;C:\Users\user\Desktop\새 폴더 (5)\eclipse\plugins\org.eclipse.justj.openjdk.hotspot.jre.full.win32.x86_64_21.0.4.v20240802-1551\jre\bin\;C:\Users\user\Desktop\새 폴더 (5)\eclipse\plugins\org.eclipse.justj.openjdk.hotspot.jre.full.win32.x86_64_21.0.4.v20240802-1551\jre\b;C:\Users\user\Desktop\새 폴더 (5)\eclipse\plugins\org.eclipse.justj.openjdk.hotspot.jre.full.win32.x86_64_21.0.4.v20240802-1551\jr;C:\Users\user\Desktop\새 폴더 (5)\eclipse\plugins\org.eclipse.justj.openjdk.hotspot.jre.full.win32.x86_64_21.0.4.v20240802-1551;C:\Users\user\Desktop\새 폴더 (5)\eclipse\plugins\org.eclipse.justj.openjdk.hotspot.jre.full.win32.x86_64_21.0.4.v20240802-1;C:\Users\user\Desktop\새 폴더 (5)\eclipse\plugins\org.eclipse.justj.openjdk.hotspot.jre.full.win32.x86_64_21.0.4.v2024080;C:\Users\user\Desktop\새 폴더 (5)\eclipse\plugins\org.eclipse.justj.openjdk.hotspot.jre.full.win32.x86_64_21.0.4.v2024;C:\Users\user\Desktop\새 폴더 (5)\eclipse\plugins\org.eclipse.justj.openjdk.hotspot.jre.full.win32.x86_64_21.0.4.v2;C:\Users\user\Desktop\새 폴더 (5)\eclipse\plugins\org.eclipse.justj.openjdk.hotspot.jre.full.win32.x86_64_21.0.4;C:\Users\user\Desktop\새 폴더 (5)\eclipse\plugins\org.eclipse.justj.openjdk.hotspot.jre.full.win32.x86_64_21.

VM Arguments:
jvm_args: -Dfile.encoding=UTF-8 -Dstdout.encoding=UTF-8 -Dstderr.encoding=UTF-8 -XX:+ShowCodeDetailsInExceptionMessages 
java_command: com.okjk.smartSaltern.SmartSalternApplication
java_class_path (initial): C:\Users\user\Desktop\smartSaltern\target\classes;C:\Users\user\.m2\repository\org\springframework\boot\spring-boot-starter-web\3.4.3\spring-boot-starter-web-3.4.3.jar;C:\Users\user\.m2\repository\org\springframework\boot\spring-boot-starter\3.4.3\spring-boot-starter-3.4.3.jar;C:\Users\user\.m2\repository\org\springframework\boot\spring-boot-starter-logging\3.4.3\spring-boot-starter-logging-3.4.3.jar;C:\Users\user\.m2\repository\ch\qos\logback\logback-classic\1.5.16\logback-classic-1.5.16.jar;C:\Users\user\.m2\repository\ch\qos\logback\logback-core\1.5.16\logback-core-1.5.16.jar;C:\Users\user\.m2\repository\org\apache\logging\log4j\log4j-to-slf4j\2.24.3\log4j-to-slf4j-2.24.3.jar;C:\Users\user\.m2\repository\org\apache\logging\log4j\log4j-api\2.24.3\log4j-api-2.24.3.jar;C:\Users\user\.m2\repository\org\slf4j\jul-to-slf4j\2.0.16\jul-to-slf4j-2.0.16.jar;C:\Users\user\.m2\repository\jakarta\annotation\jakarta.annotation-api\2.1.1\jakarta.annotation-api-2.1.1.jar;C:\Users\user\.m2\repository\org\yaml\snakeyaml\2.3\snakeyaml-2.3.jar;C:\Users\user\.m2\repository\org\springframework\boot\spring-boot-starter-json\3.4.3\spring-boot-starter-json-3.4.3.jar;C:\Users\user\.m2\repository\com\fasterxml\jackson\core\jackson-databind\2.18.2\jackson-databind-2.18.2.jar;C:\Users\user\.m2\repository\com\fasterxml\jackson\core\jackson-annotations\2.18.2\jackson-annotations-2.18.2.jar;C:\Users\user\.m2\repository\com\fasterxml\jackson\core\jackson-core\2.18.2\jackson-core-2.18.2.jar;C:\Users\user\.m2\repository\com\fasterxml\jackson\datatype\jackson-datatype-jdk8\2.18.2\jackson-datatype-jdk8-2.18.2.jar;C:\Users\user\.m2\repository\com\fasterxml\jackson\datatype\jackson-datatype-jsr310\2.18.2\jackson-datatype-jsr310-2.18.2.jar;C:\Users\user\.m2\repository\com\fasterxml\jackson\module\jackson-module-parameter-names\2.18.2\jackson-module-parameter-names-2.18.2.jar;C:\Users\user\.m2\repository\org\springframework\boot\spring-boot-starter-tomcat\3.4.3\spring-boot-starter-tomcat-3.4.3.jar;C:\Users\user\.m2\repository\org\apache\tomcat\embed\tomcat-embed-core\10.1.36\tomcat-embed-core-10.1.36.jar;C:\Users\user\.m2\repository\org\apache\tomcat\embed\tomcat-embed-el\10.1.36\tomcat-embed-el-10.1.36.jar;C:\Users\user\.m2\repository\org\apache\tomcat\embed\tomcat-embed-websocket\10.1.36\tomcat-embed-websocket-10.1.36.jar;C:\Users\user\.m2\repository\org\springframework\spring-web\6.2.3\spring-web-6.2.3.jar;C:\Users\user\.m2\repository\org\springframework\spring-beans\6.2.3\spring-beans-6.2.3.jar;C:\Users\user\.m2\repository\io\micrometer\micrometer-observation\1.14.4\micrometer-observation-1.14.4.jar;C:\Users\user\.m2\repository\io\micrometer\micrometer-commons\1.14.4\micrometer-commons-1.14.4.jar;C:\Users\user\.m2\repository\org\springframework\spring-webmvc\6.2.3\spring-webmvc-6.2.3.jar;C:\Users\user\.m2\repository\org\springframework\spring-aop\6.2.3\spring-aop-6.2.3.jar;C:\Users\user\.m2\repository\org\springframework\spring-context\6.2.3\spring-context-6.2.3.jar;C:\Users\user\.m2\repository\org\springframework\spring-expression\6.2.3\spring-expression-6.2.3.jar;C:\Users\user\.m2\repository\org\springframework\boot\spring-boot-devtools\3.4.3\spring-boot-devtools-3.4.3.jar;C:\Users\user\.m2\repository\org\springframework\boot\spring-boot\3.4.3\spring-boot-3.4.3.jar;C:\Users\user\.m2\repository\org\springframework\boot\spring-boot-autoconfigure\3.4.3\spring-boot-autoconfigure-3.4.3.jar;C:\Users\user\.m2\repository\org\mariadb\jdbc\mariadb-java-client\3.4.1\mariadb-java-client-3.4.1.jar;C:\Users\user\.m2\repository\com\github\waffle\waffle-jna\3.3.0\waffle-jna-3.3.0.jar;C:\Users\user\.m2\repository\net\java\dev\jna\jna\5.13.0\jna-5.13.0.jar;C:\Users\user\.m2\repository\net\java\dev\jna\jna-platform\5.13.0\jna-platform-5.13.0.jar;C:\Users\user\.m2\repository\org\slf4j\jcl-over-slf4j\2.0.16\jcl-over-slf4j-2.0.16.jar;C:\Users\user\.m2\repository\org\slf4j\slf4j-api\2.0.16\slf4j-api-2.0.16.jar;C:\Users\user\.m2\repository\com\github\ben-manes\caffeine\caffeine\3.1.8\caffeine-3.1.8.jar;C:\Users\user\.m2\repository\com\google\errorprone\error_prone_annotations\2.21.1\error_prone_annotations-2.21.1.jar;C:\Users\user\.m2\repository\org\checkerframework\checker-qual\3.32.0\checker-qual-3.32.0.jar;C:\Users\user\.m2\repository\org\projectlombok\lombok\1.18.36\lombok-1.18.36.jar;C:\Users\user\.m2\repository\org\springframework\spring-core\6.2.3\spring-core-6.2.3.jar;C:\Users\user\.m2\repository\org\springframework\spring-jcl\6.2.3\spring-jcl-6.2.3.jar;C:\Users\user\.m2\repository\org\springframework\boot\spring-boot-starter-thymeleaf\3.4.3\spring-boot-starter-thymeleaf-3.4.3.jar;C:\Users\user\.m2\repository\org\thymeleaf\thymeleaf-spring6\3.1.3.RELEASE\thymeleaf-spring6-3.1.3.RELEASE.jar;C:\Users\user\.m2\repository\org\thymeleaf\thymeleaf\3.1.3.RELEASE\thymeleaf-3.1.3.RELEASE.jar;C:\Users\user\.m2\repository\org\attoparser\attoparser\2.0.7.RELEASE\attoparser-2.0.7.RELEASE.jar;C:\Users\user\.m2\repository\org\unbescape\unbescape\1.1.6.RELEASE\unbescape-1.1.6.RELEASE.jar
Launcher Type: SUN_STANDARD

[Global flags]
     intx CICompilerCount                          = 12                                        {product} {ergonomic}
     uint ConcGCThreads                            = 4                                         {product} {ergonomic}
     uint G1ConcRefinementThreads                  = 15                                        {product} {ergonomic}
   size_t G1HeapRegionSize                         = 4194304                                   {product} {ergonomic}
    uintx GCDrainStackTargetSize                   = 64                                        {product} {ergonomic}
   size_t InitialHeapSize                          = 532676608                                 {product} {ergonomic}
   size_t MarkStackSize                            = 4194304                                   {product} {ergonomic}
   size_t MaxHeapSize                              = 8522825728                                {product} {ergonomic}
   size_t MaxNewSize                               = 5112856576                                {product} {ergonomic}
   size_t MinHeapDeltaBytes                        = 4194304                                   {product} {ergonomic}
   size_t MinHeapSize                              = 8388608                                   {product} {ergonomic}
    uintx NonNMethodCodeHeapSize                   = 7602480                                {pd product} {ergonomic}
    uintx NonProfiledCodeHeapSize                  = 122027880                              {pd product} {ergonomic}
    uintx ProfiledCodeHeapSize                     = 122027880                              {pd product} {ergonomic}
    uintx ReservedCodeCacheSize                    = 251658240                              {pd product} {ergonomic}
     bool SegmentedCodeCache                       = true                                      {product} {ergonomic}
     bool ShowCodeDetailsInExceptionMessages       = true                                   {manageable} {command line}
   size_t SoftMaxHeapSize                          = 8522825728                             {manageable} {ergonomic}
     bool UseCompressedOops                        = true                           {product lp64_product} {ergonomic}
     bool UseG1GC                                  = true                                      {product} {ergonomic}
     bool UseLargePagesIndividualAllocation        = false                                  {pd product} {ergonomic}

Logging:
Log output configuration:
 #0: stdout all=warning uptime,level,tags foldmultilines=false
 #1: stderr all=off uptime,level,tags foldmultilines=false

Environment Variables:
JAVA_HOME=C:\Program Files\Java\jdk-17\bin
PATH=C:/Users/user/Desktop/새 폴더 (5)/eclipse//plugins/org.eclipse.justj.openjdk.hotspot.jre.full.win32.x86_64_21.0.4.v20240802-1551/jre/bin/server;C:/Users/user/Desktop/새 폴더 (5)/eclipse//plugins/org.eclipse.justj.openjdk.hotspot.jre.full.win32.x86_64_21.0.4.v20240802-1551/jre/bin;C:\Python313\Scripts\;C:\Python313\;C:\oraclexe\app\oracle\product\11.2.0\server\bin;C:\Program Files\Common Files\Oracle\Java\javapath;C:\WINDOWS\system32;C:\WINDOWS;C:\WINDOWS\System32\Wbem;C:\WINDOWS\System32\WindowsPowerShell\v1.0\;C:\WINDOWS\System32\OpenSSH\;C:\Program Files (x86)\NVIDIA Corporation\PhysX\Common;C:\Program Files\Graphviz\bin;C:\Program Files\Bandizip\;C:\ProgramData\chocolatey\bin;C:\Program Files\Git\cmd;C:\Users\user\AppData\Local\nvm;C:\nvm4w\nodejs;C:\Program Files\PuTTY\;C:\Program Files\Docker\Docker\resources\bin;C:\Users\user\AppData\Local\Microsoft\WindowsApps;C:\Users\user\AppData\Local\GitHubDesktop\bin;C:\Users\user\AppData\Local\Programs\Microsoft VS Code\bin;C:\Program Files\Java\jdk-17;C:\Program Files\JetBrains\PyCharm Community Edition 2024.3.1\bin;;C:\Users\user\AppData\Local\nvm;C:\nvm4w\nodejs;C:\Users\user\Desktop\새 폴더 (5)\eclipse;
USERNAME=user
OS=Windows_NT
PROCESSOR_IDENTIFIER=Intel64 Family 6 Model 151 Stepping 2, GenuineIntel
TMP=C:\Users\user\AppData\Local\Temp
TEMP=C:\Users\user\AppData\Local\Temp




Periodic native trim disabled

---------------  S Y S T E M  ---------------

OS:
 Windows 11 , 64 bit Build 26100 (10.0.26100.1882)
OS uptime: 4 days 10:47 hours
Hyper-V role detected

CPU: total 20 (initial active 20) (10 cores per cpu, 2 threads per core) family 6 model 151 stepping 2 microcode 0x34, cx8, cmov, fxsr, ht, mmx, 3dnowpref, sse, sse2, sse3, ssse3, sse4.1, sse4.2, popcnt, lzcnt, tsc, tscinvbit, avx, avx2, aes, erms, clmul, bmi1, bmi2, adx, sha, fma, vzeroupper, clflush, clflushopt, clwb, hv, serialize, rdtscp, rdpid, fsrm, f16c, cet_ibt, cet_ss
Processor Information for all 20 processors :
  Max Mhz: 2100, Current Mhz: 2100, Mhz Limit: 2100

Memory: 4k page, system-wide physical 32509M (3852M free)
TotalPageFile size 50968M (AvailPageFile size 3M)
current process WorkingSet (physical memory assigned to process): 126M, peak: 215M
current process commit charge ("private bytes"): 221M, peak: 647M

vm_info: OpenJDK 64-Bit Server VM (21.0.4+7-LTS) for windows-amd64 JRE (21.0.4+7-LTS), built on 2024-07-16T00:00:00Z by "admin" with MS VC++ 17.7 (VS2022)

END.
